<?xml version="1.0" encoding="UTF-8"?>
<testsuite errors="0" failures="0" name="Reading content" skipped="0" tests="0" time="2.590448">
</testsuite>
