<?xml version="1.0" encoding="UTF-8"?>
<testsuite errors="0" failures="0" name="Audience filtering" skipped="0" tests="2" time="86.994218">
<testcase classname="Audience filtering.I can see content filtered for audience kbstaff when I am audience kbstaff" name="I can see content filtered for audience kbstaff when I am audience kbstaff" time="39.771164">
</testcase>
<testcase classname="Audience filtering.I can not see content filtered for audience kbstaff when I am audience default" name="I can not see content filtered for audience kbstaff when I am audience default" time="47.223054">
</testcase>
</testsuite>
