<?xml version="1.0" encoding="UTF-8"?>
<testsuite errors="0" failures="0" name="Transclusion" skipped="0" tests="1" time="48.546924">
<testcase classname="Transclusion.boiler usage" name="boiler usage" time="48.546924">
</testcase>
</testsuite>
