<?xml version="1.0" encoding="UTF-8"?>
<testsuite errors="0" failures="0" name="Visibility filtering" skipped="0" tests="0" time="0.102439">
</testsuite>
