<?xml version="1.0" encoding="UTF-8"?>
<testsuite errors="0" failures="0" name="Updating content" skipped="0" tests="1" time="8.489511">
<testcase classname="Updating content.I can update a doc" name="I can update a doc" time="8.489511">
</testcase>
</testsuite>
